2024-08-28 11:05:45,985	[INFO]	(client.py:162)_bot_login	[botpy] 登录机器人账号中...
2024-08-28 11:05:46,196	[INFO]	(robot.py:65)update_access_token	[botpy] access_token expires_in 6110
2024-08-28 11:05:46,532	[INFO]	(client.py:181)_bot_init	[botpy] 程序启动...
2024-08-28 11:05:46,532	[INFO]	(connection.py:60)multi_run	[botpy] 最大并发连接数: 1, 启动会话数: 1
2024-08-28 11:05:46,532	[INFO]	(client.py:242)bot_connect	[botpy] 会话启动中...
2024-08-28 11:05:46,532	[INFO]	(gateway.py:115)ws_connect	[botpy] 启动中...
2024-08-28 11:05:46,620	[INFO]	(gateway.py:142)ws_identify	[botpy] 鉴权中...
2024-08-28 11:05:46,702	[INFO]	(gateway.py:85)on_message	[botpy] 机器人「小机器人1号_测试机-测试中」启动成功！
2024-08-28 11:05:46,702	[INFO]	(gateway.py:223)_send_heart	[botpy] 心跳维持启动...
2024-08-28 11:06:30,027	[INFO]	(zhu.py:29)help_h	发送帮助文档
2024-08-28 11:06:38,595	[INFO]	(zhu.py:43)baoshi	报送现在的时间（服务器）'2024-08-28, 11:06:38'
2024-08-28 11:06:46,653	[INFO]	(zhu.py:62)wenhao	发送问好语句（时间为2024-08-28, 11:06:46）
2024-08-28 11:06:56,727	[INFO]	(zhu.py:78)jvbao	2024-08-28, 11:06:56收到举报！
2024-08-28 11:06:57,237	[INFO]	(zhu.py:89)jvbao	17045139408671300588号用户举报了福尔马林(9751254514285630260)
2024-08-28 11:07:07,795	[INFO]	(zhu.py:112)get_id	2024-08-28, 11:07:07有用户获取ID moss （ 17045139408671300588 )
2024-08-28 11:07:21,993	[INFO]	(zhu.py:118)mute	执行禁言操作
2024-08-28 11:07:22,829	[INFO]	(zhu.py:158)mute	福尔马林 被禁言 200 秒
2024-08-28 11:07:32,103	[INFO]	(zhu.py:184)unmute	执行禁言操作
2024-08-28 11:07:32,818	[INFO]	(zhu.py:218)unmute	用户 福尔马林 的禁言已解除
2024-08-28 11:13:01,607	[INFO]	(client.py:162)_bot_login	[botpy] 登录机器人账号中...
2024-08-28 11:13:01,783	[INFO]	(robot.py:65)update_access_token	[botpy] access_token expires_in 5674
2024-08-28 11:13:02,123	[INFO]	(client.py:181)_bot_init	[botpy] 程序启动...
2024-08-28 11:13:02,124	[INFO]	(connection.py:60)multi_run	[botpy] 最大并发连接数: 1, 启动会话数: 1
2024-08-28 11:13:02,124	[INFO]	(client.py:242)bot_connect	[botpy] 会话启动中...
2024-08-28 11:13:02,124	[INFO]	(gateway.py:115)ws_connect	[botpy] 启动中...
2024-08-28 11:13:02,195	[INFO]	(gateway.py:142)ws_identify	[botpy] 鉴权中...
2024-08-28 11:13:02,281	[INFO]	(gateway.py:85)on_message	[botpy] 机器人「小机器人1号_测试机-测试中」启动成功！
2024-08-28 11:13:02,281	[INFO]	(gateway.py:223)_send_heart	[botpy] 心跳维持启动...
2024-08-28 11:13:15,374	[INFO]	(zhu.py:29)help_h	发送帮助文档
2024-08-28 11:13:23,428	[INFO]	(zhu.py:43)baoshi	报送现在的时间（服务器）'2024-08-28, 11:13:23'
2024-08-28 11:13:30,483	[INFO]	(zhu.py:62)wenhao	发送问好语句（时间为2024-08-28, 11:13:30）
2024-08-28 11:13:49,670	[INFO]	(zhu.py:78)jvbao	2024-08-28, 11:13:49收到举报！
2024-08-28 11:13:50,243	[INFO]	(zhu.py:89)jvbao	9751254514285630260号用户举报了moss(17045139408671300588)
2024-08-28 11:14:00,740	[INFO]	(zhu.py:112)get_id	2024-08-28, 11:14:00有用户获取ID 福尔马林 （ 9751254514285630260 )
2024-08-28 11:14:35,986	[INFO]	(zhu.py:118)mute	执行禁言操作
2024-08-28 11:14:35,986	[WARNING]	(zhu.py:171)mute	用户无权限
2024-08-28 11:14:56,170	[INFO]	(zhu.py:184)unmute	执行禁言操作
2024-08-28 11:14:56,170	[WARNING]	(zhu.py:231)unmute	用户无权限
2024-08-28 11:31:30,167	[INFO]	(client.py:162)_bot_login	[botpy] 登录机器人账号中...
2024-08-28 11:31:30,377	[INFO]	(robot.py:65)update_access_token	[botpy] access_token expires_in 4566
2024-08-28 11:31:30,701	[INFO]	(client.py:181)_bot_init	[botpy] 程序启动...
2024-08-28 11:31:30,702	[INFO]	(connection.py:60)multi_run	[botpy] 最大并发连接数: 1, 启动会话数: 1
2024-08-28 11:31:30,702	[INFO]	(client.py:242)bot_connect	[botpy] 会话启动中...
2024-08-28 11:31:30,702	[INFO]	(gateway.py:115)ws_connect	[botpy] 启动中...
2024-08-28 11:31:30,768	[INFO]	(gateway.py:142)ws_identify	[botpy] 鉴权中...
2024-08-28 11:31:30,857	[INFO]	(gateway.py:85)on_message	[botpy] 机器人「小机器人1号_测试机-测试中」启动成功！
2024-08-28 11:31:30,857	[INFO]	(gateway.py:223)_send_heart	[botpy] 心跳维持启动...
