2024-08-27 09:26:27,390	[INFO]	(client.py:162)_bot_login	[botpy] 登录机器人账号中...
2024-08-27 09:26:27,630	[INFO]	(robot.py:65)update_access_token	[botpy] access_token expires_in 6550
2024-08-27 09:26:27,932	[INFO]	(client.py:181)_bot_init	[botpy] 程序启动...
2024-08-27 09:26:27,933	[INFO]	(connection.py:60)multi_run	[botpy] 最大并发连接数: 1, 启动会话数: 1
2024-08-27 09:26:27,933	[INFO]	(client.py:242)bot_connect	[botpy] 会话启动中...
2024-08-27 09:26:27,933	[INFO]	(gateway.py:115)ws_connect	[botpy] 启动中...
2024-08-27 09:26:27,996	[INFO]	(gateway.py:142)ws_identify	[botpy] 鉴权中...
2024-08-27 09:26:28,086	[INFO]	(gateway.py:85)on_message	[botpy] 机器人「test_boat-测试中」启动成功！
2024-08-27 09:26:28,086	[INFO]	(gateway.py:223)_send_heart	[botpy] 心跳维持启动...
2024-08-27 09:56:27,986	[INFO]	(gateway.py:56)on_closed	[botpy] 关闭, 返回码: 4009, 返回信息: Session timed out
2024-08-27 09:56:27,986	[INFO]	(gateway.py:134)ws_connect	[botpy] ws关闭, 停止接收消息!
2024-08-27 09:56:33,005	[INFO]	(connection.py:60)multi_run	[botpy] 最大并发连接数: 1, 启动会话数: 1
2024-08-27 09:56:33,005	[INFO]	(client.py:242)bot_connect	[botpy] 会话启动中...
2024-08-27 09:56:33,005	[INFO]	(gateway.py:115)ws_connect	[botpy] 启动中...
2024-08-27 09:56:33,068	[INFO]	(gateway.py:175)ws_resume	[botpy] 重连启动...
2024-08-27 09:56:33,132	[INFO]	(gateway.py:90)on_message	[botpy] 机器人重连成功! 
2024-08-27 09:56:33,133	[INFO]	(gateway.py:223)_send_heart	[botpy] 心跳维持启动...
2024-08-27 10:26:33,057	[INFO]	(gateway.py:56)on_closed	[botpy] 关闭, 返回码: 4009, 返回信息: Session timed out
2024-08-27 10:26:33,057	[INFO]	(gateway.py:134)ws_connect	[botpy] ws关闭, 停止接收消息!
2024-08-27 10:26:38,071	[INFO]	(connection.py:60)multi_run	[botpy] 最大并发连接数: 1, 启动会话数: 1
2024-08-27 10:26:38,071	[INFO]	(client.py:242)bot_connect	[botpy] 会话启动中...
2024-08-27 10:26:38,071	[INFO]	(gateway.py:115)ws_connect	[botpy] 启动中...
2024-08-27 10:26:38,152	[INFO]	(gateway.py:175)ws_resume	[botpy] 重连启动...
2024-08-27 10:26:38,232	[INFO]	(gateway.py:90)on_message	[botpy] 机器人重连成功! 
2024-08-27 10:26:38,233	[INFO]	(gateway.py:223)_send_heart	[botpy] 心跳维持启动...
2024-08-27 10:56:38,143	[INFO]	(gateway.py:56)on_closed	[botpy] 关闭, 返回码: 4009, 返回信息: Session timed out
2024-08-27 10:56:38,143	[INFO]	(gateway.py:134)ws_connect	[botpy] ws关闭, 停止接收消息!
2024-08-27 10:56:43,148	[INFO]	(connection.py:60)multi_run	[botpy] 最大并发连接数: 1, 启动会话数: 1
2024-08-27 10:56:43,148	[INFO]	(client.py:242)bot_connect	[botpy] 会话启动中...
2024-08-27 10:56:43,148	[INFO]	(gateway.py:115)ws_connect	[botpy] 启动中...
2024-08-27 10:56:43,225	[INFO]	(gateway.py:175)ws_resume	[botpy] 重连启动...
2024-08-27 10:56:43,317	[INFO]	(gateway.py:90)on_message	[botpy] 机器人重连成功! 
2024-08-27 10:56:43,317	[INFO]	(gateway.py:223)_send_heart	[botpy] 心跳维持启动...
2024-08-27 11:26:43,213	[INFO]	(gateway.py:56)on_closed	[botpy] 关闭, 返回码: 4009, 返回信息: Session timed out
2024-08-27 11:26:43,213	[INFO]	(gateway.py:134)ws_connect	[botpy] ws关闭, 停止接收消息!
2024-08-27 11:26:48,220	[INFO]	(connection.py:60)multi_run	[botpy] 最大并发连接数: 1, 启动会话数: 1
2024-08-27 11:26:48,220	[INFO]	(client.py:242)bot_connect	[botpy] 会话启动中...
2024-08-27 11:26:48,220	[INFO]	(gateway.py:115)ws_connect	[botpy] 启动中...
2024-08-27 11:26:48,328	[INFO]	(gateway.py:175)ws_resume	[botpy] 重连启动...
2024-08-27 11:26:48,489	[INFO]	(robot.py:65)update_access_token	[botpy] access_token expires_in 7200
2024-08-27 11:26:48,559	[INFO]	(gateway.py:90)on_message	[botpy] 机器人重连成功! 
2024-08-27 11:26:48,559	[INFO]	(gateway.py:223)_send_heart	[botpy] 心跳维持启动...
2024-08-27 15:59:11,464	[INFO]	(client.py:162)_bot_login	[botpy] 登录机器人账号中...
2024-08-27 15:59:11,684	[INFO]	(robot.py:65)update_access_token	[botpy] access_token expires_in 6848
2024-08-27 15:59:11,955	[INFO]	(client.py:181)_bot_init	[botpy] 程序启动...
2024-08-27 15:59:11,955	[INFO]	(connection.py:60)multi_run	[botpy] 最大并发连接数: 1, 启动会话数: 1
2024-08-27 15:59:11,956	[INFO]	(client.py:242)bot_connect	[botpy] 会话启动中...
2024-08-27 15:59:11,956	[INFO]	(gateway.py:115)ws_connect	[botpy] 启动中...
2024-08-27 15:59:12,000	[INFO]	(gateway.py:142)ws_identify	[botpy] 鉴权中...
2024-08-27 15:59:12,077	[INFO]	(gateway.py:85)on_message	[botpy] 机器人「test_boat-测试中」启动成功！
2024-08-27 15:59:12,077	[INFO]	(gateway.py:223)_send_heart	[botpy] 心跳维持启动...
2024-08-27 15:59:58,330	[INFO]	(zhu.py:105)mute	执行禁言操作
2024-08-27 15:59:58,940	[ERROR]	(http.py:76)_handle_response	[botpy] 接口请求异常，请求连接: https://api.sgroup.qq.com/guilds/6773283890845066170/members/9751254514285630260/mute, 错误代码: 400, 返回内容: {'message': '频道末对机器人末授权', 'code': 11264, 'err_code': 40012009, 'trace_id': '35f45fd6c683590a2433e8a823d7db7e'}, trace_id:35f45fd6c683590a2433e8a823d7db7e
