2024-08-26 10:21:51,052	[INFO]	(client.py:162)_bot_login	[botpy] 登录机器人账号中...
2024-08-26 10:21:51,279	[INFO]	(robot.py:65)update_access_token	[botpy] access_token expires_in 6485
2024-08-26 10:21:51,559	[INFO]	(client.py:181)_bot_init	[botpy] 程序启动...
2024-08-26 10:21:51,559	[INFO]	(connection.py:60)multi_run	[botpy] 最大并发连接数: 1, 启动会话数: 1
2024-08-26 10:21:51,559	[INFO]	(client.py:242)bot_connect	[botpy] 会话启动中...
2024-08-26 10:21:51,559	[INFO]	(gateway.py:115)ws_connect	[botpy] 启动中...
2024-08-26 10:21:51,618	[INFO]	(gateway.py:142)ws_identify	[botpy] 鉴权中...
2024-08-26 10:21:51,699	[INFO]	(gateway.py:85)on_message	[botpy] 机器人「test_boat-测试中」启动成功！
2024-08-26 10:21:51,700	[INFO]	(gateway.py:223)_send_heart	[botpy] 心跳维持启动...
2024-08-26 10:22:24,663	[INFO]	(client.py:162)_bot_login	[botpy] 登录机器人账号中...
2024-08-26 10:22:24,944	[INFO]	(robot.py:65)update_access_token	[botpy] access_token expires_in 6451
2024-08-26 10:22:25,216	[INFO]	(client.py:181)_bot_init	[botpy] 程序启动...
2024-08-26 10:22:25,216	[INFO]	(connection.py:60)multi_run	[botpy] 最大并发连接数: 1, 启动会话数: 1
2024-08-26 10:22:25,216	[INFO]	(client.py:242)bot_connect	[botpy] 会话启动中...
2024-08-26 10:22:25,216	[INFO]	(gateway.py:115)ws_connect	[botpy] 启动中...
2024-08-26 10:22:25,283	[INFO]	(gateway.py:142)ws_identify	[botpy] 鉴权中...
2024-08-26 10:22:25,340	[INFO]	(gateway.py:85)on_message	[botpy] 机器人「test_boat-测试中」启动成功！
2024-08-26 10:22:25,340	[INFO]	(gateway.py:223)_send_heart	[botpy] 心跳维持启动...
2024-08-26 10:22:40,439	[INFO]	(zhu.py:44)baoshi	报送现在的时间（服务器）'2024-08-26, 10:22:40'
2024-08-26 10:23:18,280	[INFO]	(zhu.py:30)help_h	发送帮助文档
2024-08-26 10:26:29,066	[INFO]	(client.py:162)_bot_login	[botpy] 登录机器人账号中...
2024-08-26 10:26:29,310	[INFO]	(robot.py:65)update_access_token	[botpy] access_token expires_in 6207
2024-08-26 10:26:29,600	[INFO]	(client.py:181)_bot_init	[botpy] 程序启动...
2024-08-26 10:26:29,600	[INFO]	(connection.py:60)multi_run	[botpy] 最大并发连接数: 1, 启动会话数: 1
2024-08-26 10:26:29,600	[INFO]	(client.py:242)bot_connect	[botpy] 会话启动中...
2024-08-26 10:26:29,600	[INFO]	(gateway.py:115)ws_connect	[botpy] 启动中...
2024-08-26 10:26:29,659	[INFO]	(gateway.py:142)ws_identify	[botpy] 鉴权中...
2024-08-26 10:26:29,775	[INFO]	(gateway.py:85)on_message	[botpy] 机器人「test_boat-测试中」启动成功！
2024-08-26 10:26:29,776	[INFO]	(gateway.py:223)_send_heart	[botpy] 心跳维持启动...
2024-08-26 10:26:32,314	[INFO]	(zhu.py:63)wenhao	发送问好语句（时间为2024-08-26, 10:26:32）
2024-08-26 10:26:57,983	[INFO]	(zhu.py:63)wenhao	发送问好语句（时间为2024-08-26, 10:26:57）
2024-08-26 10:27:03,784	[INFO]	(client.py:162)_bot_login	[botpy] 登录机器人账号中...
2024-08-26 10:27:03,990	[INFO]	(robot.py:65)update_access_token	[botpy] access_token expires_in 6172
2024-08-26 10:27:04,266	[INFO]	(client.py:181)_bot_init	[botpy] 程序启动...
2024-08-26 10:27:04,266	[INFO]	(connection.py:60)multi_run	[botpy] 最大并发连接数: 1, 启动会话数: 1
2024-08-26 10:27:04,267	[INFO]	(client.py:242)bot_connect	[botpy] 会话启动中...
2024-08-26 10:27:04,267	[INFO]	(gateway.py:115)ws_connect	[botpy] 启动中...
2024-08-26 10:27:04,340	[INFO]	(gateway.py:142)ws_identify	[botpy] 鉴权中...
2024-08-26 10:27:04,401	[INFO]	(gateway.py:85)on_message	[botpy] 机器人「test_boat-测试中」启动成功！
2024-08-26 10:27:04,401	[INFO]	(gateway.py:223)_send_heart	[botpy] 心跳维持启动...
2024-08-26 10:54:48,802	[INFO]	(client.py:162)_bot_login	[botpy] 登录机器人账号中...
2024-08-26 10:54:49,083	[INFO]	(robot.py:65)update_access_token	[botpy] access_token expires_in 4507
2024-08-26 10:54:49,427	[INFO]	(client.py:181)_bot_init	[botpy] 程序启动...
2024-08-26 10:54:49,427	[INFO]	(connection.py:60)multi_run	[botpy] 最大并发连接数: 1, 启动会话数: 1
2024-08-26 10:54:49,427	[INFO]	(client.py:242)bot_connect	[botpy] 会话启动中...
2024-08-26 10:54:49,427	[INFO]	(gateway.py:115)ws_connect	[botpy] 启动中...
2024-08-26 10:54:49,507	[INFO]	(gateway.py:142)ws_identify	[botpy] 鉴权中...
2024-08-26 10:54:49,587	[INFO]	(gateway.py:85)on_message	[botpy] 机器人「test_boat-测试中」启动成功！
2024-08-26 10:54:49,587	[INFO]	(gateway.py:223)_send_heart	[botpy] 心跳维持启动...
2024-08-26 10:55:00,163	[INFO]	(zhu.py:31)help_h	发送帮助文档
2024-08-26 10:58:34,954	[INFO]	(zhu.py:80)jubao	2024-08-26, 10:58:34收到举报！
2024-08-26 11:19:58,407	[INFO]	(client.py:162)_bot_login	[botpy] 登录机器人账号中...
2024-08-26 11:19:58,657	[INFO]	(robot.py:65)update_access_token	[botpy] access_token expires_in 2997
2024-08-26 11:19:58,982	[INFO]	(client.py:181)_bot_init	[botpy] 程序启动...
2024-08-26 11:19:58,982	[INFO]	(connection.py:60)multi_run	[botpy] 最大并发连接数: 1, 启动会话数: 1
2024-08-26 11:19:58,982	[INFO]	(client.py:242)bot_connect	[botpy] 会话启动中...
2024-08-26 11:19:58,983	[INFO]	(gateway.py:115)ws_connect	[botpy] 启动中...
2024-08-26 11:19:59,036	[INFO]	(gateway.py:142)ws_identify	[botpy] 鉴权中...
2024-08-26 11:19:59,107	[INFO]	(gateway.py:85)on_message	[botpy] 机器人「test_boat-测试中」启动成功！
2024-08-26 11:19:59,107	[INFO]	(gateway.py:223)_send_heart	[botpy] 心跳维持启动...
2024-08-26 11:20:37,836	[INFO]	(zhu.py:80)jubao	2024-08-26, 11:20:37收到举报！
