2024-08-28 10:46:50,178	[INFO]	(client.py:162)_bot_login	[botpy] 登录机器人账号中...
2024-08-28 10:46:50,329	[INFO]	(robot.py:65)update_access_token	[botpy] access_token expires_in 105
2024-08-28 10:46:50,618	[INFO]	(client.py:181)_bot_init	[botpy] 程序启动...
2024-08-28 10:46:50,618	[INFO]	(connection.py:60)multi_run	[botpy] 最大并发连接数: 1, 启动会话数: 1
2024-08-28 10:46:50,618	[INFO]	(client.py:242)bot_connect	[botpy] 会话启动中...
2024-08-28 10:46:50,618	[INFO]	(gateway.py:115)ws_connect	[botpy] 启动中...
2024-08-28 10:46:50,700	[INFO]	(gateway.py:142)ws_identify	[botpy] 鉴权中...
2024-08-28 10:46:50,792	[INFO]	(gateway.py:85)on_message	[botpy] 机器人「小机器人1号_测试机-测试中」启动成功！
2024-08-28 10:46:50,793	[INFO]	(gateway.py:223)_send_heart	[botpy] 心跳维持启动...

2024-08-28 10:47:03,881	[INFO]	(zhu.py:29)help_h	发送帮助文档
2024-08-28 10:47:09,420	[INFO]	(zhu.py:43)baoshi	报送现在的时间（服务器）'2024-08-28, 10:47:09'
2024-08-28 10:47:12,437	[INFO]	(zhu.py:62)wenhao	发送问好语句（时间为2024-08-28, 10:47:12）
2024-08-28 10:47:19,969	[INFO]	(zhu.py:78)jvbao	2024-08-28, 10:47:19收到举报！
2024-08-28 10:47:20,591	[INFO]	(zhu.py:89)jvbao	17045139408671300588号用户举报了福尔马林(9751254514285630260)
2024-08-28 10:47:26,006	[INFO]	(zhu.py:112)get_id	2024-08-28, 10:47:25有用户获取ID moss （ 17045139408671300588 )
2024-08-28 10:47:35,557	[INFO]	(zhu.py:118)mute	执行禁言操作
2024-08-28 10:47:35,558	[WARNING]	(zhu.py:131)mute	无法解析禁言时间，默认禁言20秒
2024-08-28 10:47:36,355	[INFO]	(zhu.py:158)mute	福尔马林 被禁言 20 秒
2024-08-28 10:47:46,103	[INFO]	(zhu.py:184)unmute	执行禁言操作
2024-08-28 10:47:46,882	[INFO]	(zhu.py:218)unmute	用户 福尔马林 的禁言已解除
