2024-08-24 22:45:53,042	[INFO]	(client.py:159)_bot_login	[botpy] 登录机器人账号中...
2024-08-24 22:45:53,391	[INFO]	(client.py:178)_bot_init	[botpy] 程序启动...
2024-08-24 22:45:53,391	[INFO]	(connection.py:59)multi_run	[botpy] 最大并发连接数: 1, 启动会话数: 1
2024-08-24 22:45:53,391	[INFO]	(client.py:236)bot_connect	[botpy] 会话启动中...
2024-08-24 22:45:53,392	[INFO]	(gateway.py:110)ws_connect	[botpy] 启动中...
2024-08-24 22:45:53,455	[INFO]	(gateway.py:136)ws_identify	[botpy] 鉴权中...
2024-08-24 22:45:53,546	[INFO]	(gateway.py:80)on_message	[botpy] 机器人「test_boat-测试中」启动成功！
2024-08-24 22:45:53,547	[INFO]	(gateway.py:217)_send_heart	[botpy] 心跳维持启动...
2024-08-24 23:15:53,455	[INFO]	(gateway.py:54)on_closed	[botpy] 关闭, 返回码: 4009, 返回信息: Session timed out
2024-08-24 23:15:58,455	[INFO]	(connection.py:59)multi_run	[botpy] 最大并发连接数: 1, 启动会话数: 1
2024-08-24 23:15:58,455	[INFO]	(client.py:236)bot_connect	[botpy] 会话启动中...
2024-08-24 23:15:58,455	[INFO]	(gateway.py:110)ws_connect	[botpy] 启动中...
2024-08-24 23:15:58,541	[INFO]	(gateway.py:169)ws_resume	[botpy] 重连启动...
2024-08-24 23:15:58,611	[INFO]	(gateway.py:85)on_message	[botpy] 机器人重连成功! 
2024-08-24 23:15:58,611	[INFO]	(gateway.py:217)_send_heart	[botpy] 心跳维持启动...
2024-08-24 23:45:58,543	[INFO]	(gateway.py:54)on_closed	[botpy] 关闭, 返回码: 4009, 返回信息: Session timed out
2024-08-24 23:46:03,549	[INFO]	(connection.py:59)multi_run	[botpy] 最大并发连接数: 1, 启动会话数: 1
2024-08-24 23:46:03,550	[INFO]	(client.py:236)bot_connect	[botpy] 会话启动中...
2024-08-24 23:46:03,550	[INFO]	(gateway.py:110)ws_connect	[botpy] 启动中...
2024-08-24 23:46:03,637	[INFO]	(gateway.py:169)ws_resume	[botpy] 重连启动...
2024-08-24 23:46:03,717	[INFO]	(gateway.py:85)on_message	[botpy] 机器人重连成功! 
2024-08-24 23:46:03,717	[INFO]	(gateway.py:217)_send_heart	[botpy] 心跳维持启动...
2024-08-24 23:54:51,687	[INFO]	(gateway.py:54)on_closed	[botpy] 关闭, 返回码: 1006, 返回信息: None
2024-08-24 23:54:56,691	[INFO]	(connection.py:59)multi_run	[botpy] 最大并发连接数: 1, 启动会话数: 1
2024-08-24 23:54:56,692	[INFO]	(client.py:236)bot_connect	[botpy] 会话启动中...
2024-08-24 23:54:56,692	[INFO]	(gateway.py:110)ws_connect	[botpy] 启动中...
2024-08-24 23:54:57,173	[ERROR]	(gateway.py:50)on_error	[botpy] websocket连接: None, 异常信息 : Cannot connect to host api.sgroup.qq.com:443 ssl:default [不能访问网络位置。有关网络排除故障的信息，请参阅 Windows 帮助。]

2024-08-25 00:00:51,031	[INFO]	(client.py:159)_bot_login	[botpy] 登录机器人账号中...
2024-08-25 00:00:51,427	[INFO]	(client.py:178)_bot_init	[botpy] 程序启动...
2024-08-25 00:00:51,427	[INFO]	(connection.py:59)multi_run	[botpy] 最大并发连接数: 1, 启动会话数: 1
2024-08-25 00:00:51,428	[INFO]	(client.py:236)bot_connect	[botpy] 会话启动中...
2024-08-25 00:00:51,428	[INFO]	(gateway.py:110)ws_connect	[botpy] 启动中...
2024-08-25 00:00:51,475	[INFO]	(gateway.py:136)ws_identify	[botpy] 鉴权中...
2024-08-25 00:00:51,581	[INFO]	(gateway.py:80)on_message	[botpy] 机器人「test_boat-测试中」启动成功！
2024-08-25 00:00:51,582	[INFO]	(gateway.py:217)_send_heart	[botpy] 心跳维持启动...
2024-08-25 00:30:51,472	[INFO]	(gateway.py:54)on_closed	[botpy] 关闭, 返回码: 4009, 返回信息: Session timed out
2024-08-25 00:30:56,471	[INFO]	(connection.py:59)multi_run	[botpy] 最大并发连接数: 1, 启动会话数: 1
2024-08-25 00:30:56,471	[INFO]	(client.py:236)bot_connect	[botpy] 会话启动中...
2024-08-25 00:30:56,471	[INFO]	(gateway.py:110)ws_connect	[botpy] 启动中...
2024-08-25 00:30:56,592	[INFO]	(gateway.py:169)ws_resume	[botpy] 重连启动...
2024-08-25 00:30:56,685	[INFO]	(gateway.py:85)on_message	[botpy] 机器人重连成功! 
2024-08-25 00:30:56,686	[INFO]	(gateway.py:217)_send_heart	[botpy] 心跳维持启动...
2024-08-25 01:00:56,589	[INFO]	(gateway.py:54)on_closed	[botpy] 关闭, 返回码: 4009, 返回信息: Session timed out
2024-08-25 01:01:01,600	[INFO]	(connection.py:59)multi_run	[botpy] 最大并发连接数: 1, 启动会话数: 1
2024-08-25 01:01:01,600	[INFO]	(client.py:236)bot_connect	[botpy] 会话启动中...
2024-08-25 01:01:01,600	[INFO]	(gateway.py:110)ws_connect	[botpy] 启动中...
2024-08-25 01:01:01,711	[INFO]	(gateway.py:169)ws_resume	[botpy] 重连启动...
2024-08-25 01:01:01,846	[INFO]	(gateway.py:85)on_message	[botpy] 机器人重连成功! 
2024-08-25 01:01:01,846	[INFO]	(gateway.py:217)_send_heart	[botpy] 心跳维持启动...
